mode: set
dws/api/errors.go:15.69,19.2 3 0
dws/api/handlers.go:21.32,23.2 1 0
dws/api/handlers.go:52.58,121.2 3 0
dws/api/handlers.go:123.58,124.55 1 0
dws/api/handlers.go:124.55,127.3 2 0
dws/api/handlers.go:128.2,129.16 2 0
dws/api/handlers.go:129.16,132.3 2 0
dws/api/handlers.go:133.2,135.16 3 0
dws/api/handlers.go:135.16,138.3 2 0
dws/api/handlers.go:139.2,140.16 2 0
dws/api/handlers.go:140.16,143.3 2 0
dws/api/handlers.go:144.2,145.27 2 0
dws/api/handlers.go:145.27,147.3 1 0
dws/api/handlers.go:148.2,149.80 2 0
dws/api/handlers.go:155.65,160.61 3 0
dws/api/handlers.go:160.61,163.3 2 0
dws/api/handlers.go:165.2,165.27 1 0
dws/api/handlers.go:165.27,167.17 2 0
dws/api/handlers.go:167.17,170.4 2 0
dws/api/handlers.go:171.3,171.42 1 0
dws/api/handlers.go:174.2,175.30 2 0
dws/api/handlers.go:179.71,184.79 3 0
dws/api/handlers.go:184.79,187.3 2 0
dws/api/handlers.go:190.2,191.35 2 0
dws/api/handlers.go:191.35,194.3 2 0
dws/api/handlers.go:196.2,196.55 1 0
dws/api/handlers.go:196.55,200.3 3 0
dws/api/handlers.go:201.2,201.30 1 0
dws/api/handlers.go:206.60,208.46 1 0
dws/api/handlers.go:208.46,211.3 2 0
dws/api/handlers.go:213.2,214.36 2 0
dws/engine/engine.go:16.30,18.2 1 0
dws/engine/engine.go:21.26,23.2 1 0
dws/engine/engine.go:47.29,49.2 1 0
dws/engine/engine.go:52.24,54.2 1 0
dws/engine/engine.go:61.43,63.16 2 0
dws/engine/engine.go:63.16,65.3 1 0
dws/engine/engine.go:66.2,67.54 2 0
dws/engine/engine.go:67.54,69.3 1 0
dws/engine/engine.go:71.2,71.30 1 0
dws/engine/engine.go:71.30,73.17 2 0
dws/engine/engine.go:73.17,75.4 1 0
dws/engine/engine.go:76.3,76.45 1 0
dws/engine/engine.go:79.2,80.12 2 0
dws/engine/engine.go:84.60,85.15 1 0
dws/engine/engine.go:85.15,89.3 3 0
dws/engine/engine.go:90.2,92.29 3 0
dws/engine/engine.go:92.29,93.16 1 0
dws/engine/engine.go:93.16,95.4 1 0
dws/engine/engine.go:96.3,96.30 1 0
dws/engine/engine.go:96.30,97.17 1 0
dws/engine/engine.go:97.17,100.5 2 0
dws/engine/engine.go:101.4,101.35 1 0
dws/engine/engine.go:101.35,102.18 1 0
dws/engine/engine.go:102.18,104.6 1 0
dws/engine/engine.go:105.5,105.13 1 0
dws/engine/engine.go:107.4,107.17 1 0
dws/engine/engine.go:107.17,109.5 1 0
dws/engine/engine.go:110.4,110.46 1 0
dws/engine/engine.go:110.46,111.18 1 0
dws/engine/engine.go:111.18,113.6 1 0
dws/engine/engine.go:114.5,121.7 1 0
dws/engine/engine.go:125.2,125.15 1 0
dws/engine/engine.go:125.15,127.3 1 0
dws/engine/engine.go:128.2,128.17 1 0
dws/scanner/extract.go:14.64,17.13 3 1
dws/scanner/extract.go:18.14,21.17 3 0
dws/scanner/extract.go:21.17,23.4 1 0
dws/scanner/extract.go:25.3,26.45 2 0
dws/scanner/extract.go:26.45,28.23 2 0
dws/scanner/extract.go:28.23,29.13 1 0
dws/scanner/extract.go:31.4,32.18 2 0
dws/scanner/extract.go:32.18,34.5 1 0
dws/scanner/extract.go:35.4,35.24 1 0
dws/scanner/extract.go:37.3,37.30 1 0
dws/scanner/extract.go:38.23,44.52 4 1
dws/scanner/extract.go:45.49,46.31 1 1
dws/scanner/extract.go:47.10,48.58 1 1
dws/scanner/extract.go:51.2,51.27 1 1
dws/api/errors.go:15.69,19.2 3 0
dws/api/handlers.go:21.32,23.2 1 0
dws/api/handlers.go:52.58,121.2 3 0
dws/api/handlers.go:123.58,124.55 1 0
dws/api/handlers.go:124.55,127.3 2 0
dws/api/handlers.go:128.2,129.16 2 0
dws/api/handlers.go:129.16,132.3 2 0
dws/api/handlers.go:133.2,135.16 3 0
dws/api/handlers.go:135.16,138.3 2 0
dws/api/handlers.go:139.2,140.16 2 0
dws/api/handlers.go:140.16,143.3 2 0
dws/api/handlers.go:144.2,145.27 2 0
dws/api/handlers.go:145.27,147.3 1 0
dws/api/handlers.go:148.2,149.80 2 0
dws/api/handlers.go:155.65,160.61 3 0
dws/api/handlers.go:160.61,163.3 2 0
dws/api/handlers.go:165.2,165.27 1 0
dws/api/handlers.go:165.27,167.17 2 0
dws/api/handlers.go:167.17,170.4 2 0
dws/api/handlers.go:171.3,171.42 1 0
dws/api/handlers.go:174.2,175.30 2 0
dws/api/handlers.go:179.71,184.79 3 0
dws/api/handlers.go:184.79,187.3 2 0
dws/api/handlers.go:190.2,191.35 2 0
dws/api/handlers.go:191.35,194.3 2 0
dws/api/handlers.go:196.2,196.55 1 0
dws/api/handlers.go:196.55,200.3 3 0
dws/api/handlers.go:201.2,201.30 1 0
dws/api/handlers.go:206.60,208.46 1 0
dws/api/handlers.go:208.46,211.3 2 0
dws/api/handlers.go:213.2,214.36 2 0
dws/engine/engine.go:16.30,18.2 1 1
dws/engine/engine.go:21.26,23.2 1 1
dws/engine/engine.go:47.29,49.2 1 1
dws/engine/engine.go:52.24,54.2 1 1
dws/engine/engine.go:61.43,63.16 2 1
dws/engine/engine.go:63.16,65.3 1 1
dws/engine/engine.go:66.2,67.54 2 1
dws/engine/engine.go:67.54,69.3 1 0
dws/engine/engine.go:71.2,71.30 1 1
dws/engine/engine.go:71.30,73.17 2 1
dws/engine/engine.go:73.17,75.4 1 0
dws/engine/engine.go:76.3,76.45 1 1
dws/engine/engine.go:79.2,80.12 2 1
dws/engine/engine.go:84.60,85.15 1 1
dws/engine/engine.go:85.15,89.3 3 1
dws/engine/engine.go:90.2,92.29 3 1
dws/engine/engine.go:92.29,93.16 1 1
dws/engine/engine.go:93.16,95.4 1 1
dws/engine/engine.go:96.3,96.30 1 1
dws/engine/engine.go:96.30,97.17 1 1
dws/engine/engine.go:97.17,100.5 2 1
dws/engine/engine.go:101.4,101.35 1 1
dws/engine/engine.go:101.35,102.18 1 1
dws/engine/engine.go:102.18,104.6 1 0
dws/engine/engine.go:105.5,105.13 1 1
dws/engine/engine.go:107.4,107.17 1 1
dws/engine/engine.go:107.17,109.5 1 1
dws/engine/engine.go:110.4,110.46 1 1
dws/engine/engine.go:110.46,111.18 1 1
dws/engine/engine.go:111.18,113.6 1 0
dws/engine/engine.go:114.5,121.7 1 1
dws/engine/engine.go:125.2,125.15 1 1
dws/engine/engine.go:125.15,127.3 1 1
dws/engine/engine.go:128.2,128.17 1 1
dws/scanner/extract.go:14.64,17.13 3 0
dws/scanner/extract.go:18.14,21.17 3 0
dws/scanner/extract.go:21.17,23.4 1 0
dws/scanner/extract.go:25.3,26.45 2 0
dws/scanner/extract.go:26.45,28.23 2 0
dws/scanner/extract.go:28.23,29.13 1 0
dws/scanner/extract.go:31.4,32.18 2 0
dws/scanner/extract.go:32.18,34.5 1 0
dws/scanner/extract.go:35.4,35.24 1 0
dws/scanner/extract.go:37.3,37.30 1 0
dws/scanner/extract.go:38.23,44.52 4 0
dws/scanner/extract.go:45.49,46.31 1 0
dws/scanner/extract.go:47.10,48.58 1 0
dws/scanner/extract.go:51.2,51.27 1 0
dws/api/errors.go:15.69,19.2 3 1
dws/api/handlers.go:21.32,23.2 1 1
dws/api/handlers.go:52.58,121.2 3 1
dws/api/handlers.go:123.58,124.55 1 1
dws/api/handlers.go:124.55,127.3 2 1
dws/api/handlers.go:128.2,129.16 2 1
dws/api/handlers.go:129.16,132.3 2 1
dws/api/handlers.go:133.2,135.16 3 1
dws/api/handlers.go:135.16,138.3 2 0
dws/api/handlers.go:139.2,140.16 2 1
dws/api/handlers.go:140.16,143.3 2 1
dws/api/handlers.go:144.2,145.27 2 1
dws/api/handlers.go:145.27,147.3 1 0
dws/api/handlers.go:148.2,149.80 2 1
dws/api/handlers.go:155.65,160.61 3 1
dws/api/handlers.go:160.61,163.3 2 1
dws/api/handlers.go:165.2,165.27 1 1
dws/api/handlers.go:165.27,167.17 2 1
dws/api/handlers.go:167.17,170.4 2 1
dws/api/handlers.go:171.3,171.42 1 1
dws/api/handlers.go:174.2,175.30 2 1
dws/api/handlers.go:179.71,184.79 3 1
dws/api/handlers.go:184.79,187.3 2 1
dws/api/handlers.go:190.2,191.35 2 1
dws/api/handlers.go:191.35,194.3 2 1
dws/api/handlers.go:196.2,196.55 1 1
dws/api/handlers.go:196.55,200.3 3 1
dws/api/handlers.go:201.2,201.30 1 1
dws/api/handlers.go:206.60,208.46 1 1
dws/api/handlers.go:208.46,211.3 2 1
dws/api/handlers.go:213.2,214.36 2 1
dws/engine/engine.go:16.30,18.2 1 0
dws/engine/engine.go:21.26,23.2 1 1
dws/engine/engine.go:47.29,49.2 1 1
dws/engine/engine.go:52.24,54.2 1 1
dws/engine/engine.go:61.43,63.16 2 1
dws/engine/engine.go:63.16,65.3 1 1
dws/engine/engine.go:66.2,67.54 2 1
dws/engine/engine.go:67.54,69.3 1 1
dws/engine/engine.go:71.2,71.30 1 1
dws/engine/engine.go:71.30,73.17 2 1
dws/engine/engine.go:73.17,75.4 1 0
dws/engine/engine.go:76.3,76.45 1 1
dws/engine/engine.go:79.2,80.12 2 1
dws/engine/engine.go:84.60,85.15 1 1
dws/engine/engine.go:85.15,89.3 3 0
dws/engine/engine.go:90.2,92.29 3 1
dws/engine/engine.go:92.29,93.16 1 1
dws/engine/engine.go:93.16,95.4 1 0
dws/engine/engine.go:96.3,96.30 1 1
dws/engine/engine.go:96.30,97.17 1 1
dws/engine/engine.go:97.17,100.5 2 0
dws/engine/engine.go:101.4,101.35 1 1
dws/engine/engine.go:101.35,102.18 1 0
dws/engine/engine.go:102.18,104.6 1 0
dws/engine/engine.go:105.5,105.13 1 0
dws/engine/engine.go:107.4,107.17 1 1
dws/engine/engine.go:107.17,109.5 1 0
dws/engine/engine.go:110.4,110.46 1 1
dws/engine/engine.go:110.46,111.18 1 1
dws/engine/engine.go:111.18,113.6 1 0
dws/engine/engine.go:114.5,121.7 1 1
dws/engine/engine.go:125.2,125.15 1 1
dws/engine/engine.go:125.15,127.3 1 0
dws/engine/engine.go:128.2,128.17 1 1
dws/scanner/extract.go:14.64,17.13 3 1
dws/scanner/extract.go:18.14,21.17 3 0
dws/scanner/extract.go:21.17,23.4 1 0
dws/scanner/extract.go:25.3,26.45 2 0
dws/scanner/extract.go:26.45,28.23 2 0
dws/scanner/extract.go:28.23,29.13 1 0
dws/scanner/extract.go:31.4,32.18 2 0
dws/scanner/extract.go:32.18,34.5 1 0
dws/scanner/extract.go:35.4,35.24 1 0
dws/scanner/extract.go:37.3,37.30 1 0
dws/scanner/extract.go:38.23,44.52 4 0
dws/scanner/extract.go:45.49,46.31 1 1
dws/scanner/extract.go:47.10,48.58 1 1
dws/scanner/extract.go:51.2,51.27 1 1
dws/api/errors.go:15.69,19.2 3 1
dws/api/handlers.go:21.32,23.2 1 1
dws/api/handlers.go:52.58,121.2 3 0
dws/api/handlers.go:123.58,124.55 1 1
dws/api/handlers.go:124.55,127.3 2 0
dws/api/handlers.go:128.2,129.16 2 1
dws/api/handlers.go:129.16,132.3 2 1
dws/api/handlers.go:133.2,135.16 3 1
dws/api/handlers.go:135.16,138.3 2 0
dws/api/handlers.go:139.2,140.16 2 1
dws/api/handlers.go:140.16,143.3 2 1
dws/api/handlers.go:144.2,145.27 2 1
dws/api/handlers.go:145.27,147.3 1 0
dws/api/handlers.go:148.2,149.80 2 1
dws/api/handlers.go:155.65,160.61 3 1
dws/api/handlers.go:160.61,163.3 2 0
dws/api/handlers.go:165.2,165.27 1 1
dws/api/handlers.go:165.27,167.17 2 1
dws/api/handlers.go:167.17,170.4 2 0
dws/api/handlers.go:171.3,171.42 1 1
dws/api/handlers.go:174.2,175.30 2 1
dws/api/handlers.go:179.71,184.79 3 0
dws/api/handlers.go:184.79,187.3 2 0
dws/api/handlers.go:190.2,191.35 2 0
dws/api/handlers.go:191.35,194.3 2 0
dws/api/handlers.go:196.2,196.55 1 0
dws/api/handlers.go:196.55,200.3 3 0
dws/api/handlers.go:201.2,201.30 1 0
dws/api/handlers.go:206.60,208.46 1 1
dws/api/handlers.go:208.46,211.3 2 0
dws/api/handlers.go:213.2,214.36 2 1
dws/engine/engine.go:16.30,18.2 1 0
dws/engine/engine.go:21.26,23.2 1 1
dws/engine/engine.go:47.29,49.2 1 1
dws/engine/engine.go:52.24,54.2 1 1
dws/engine/engine.go:61.43,63.16 2 1
dws/engine/engine.go:63.16,65.3 1 1
dws/engine/engine.go:66.2,67.54 2 1
dws/engine/engine.go:67.54,69.3 1 0
dws/engine/engine.go:71.2,71.30 1 1
dws/engine/engine.go:71.30,73.17 2 1
dws/engine/engine.go:73.17,75.4 1 0
dws/engine/engine.go:76.3,76.45 1 1
dws/engine/engine.go:79.2,80.12 2 1
dws/engine/engine.go:84.60,85.15 1 1
dws/engine/engine.go:85.15,89.3 3 0
dws/engine/engine.go:90.2,92.29 3 1
dws/engine/engine.go:92.29,93.16 1 1
dws/engine/engine.go:93.16,95.4 1 0
dws/engine/engine.go:96.3,96.30 1 1
dws/engine/engine.go:96.30,97.17 1 1
dws/engine/engine.go:97.17,100.5 2 0
dws/engine/engine.go:101.4,101.35 1 1
dws/engine/engine.go:101.35,102.18 1 0
dws/engine/engine.go:102.18,104.6 1 0
dws/engine/engine.go:105.5,105.13 1 0
dws/engine/engine.go:107.4,107.17 1 1
dws/engine/engine.go:107.17,109.5 1 0
dws/engine/engine.go:110.4,110.46 1 1
dws/engine/engine.go:110.46,111.18 1 1
dws/engine/engine.go:111.18,113.6 1 0
dws/engine/engine.go:114.5,121.7 1 1
dws/engine/engine.go:125.2,125.15 1 1
dws/engine/engine.go:125.15,127.3 1 0
dws/engine/engine.go:128.2,128.17 1 1
dws/scanner/extract.go:14.64,17.13 3 1
dws/scanner/extract.go:18.14,21.17 3 1
dws/scanner/extract.go:21.17,23.4 1 0
dws/scanner/extract.go:25.3,26.45 2 1
dws/scanner/extract.go:26.45,28.23 2 1
dws/scanner/extract.go:28.23,29.13 1 0
dws/scanner/extract.go:31.4,32.18 2 1
dws/scanner/extract.go:32.18,34.5 1 0
dws/scanner/extract.go:35.4,35.24 1 1
dws/scanner/extract.go:37.3,37.30 1 1
dws/scanner/extract.go:38.23,44.52 4 0
dws/scanner/extract.go:45.49,46.31 1 1
dws/scanner/extract.go:47.10,48.58 1 1
dws/scanner/extract.go:51.2,51.27 1 1
